<?xml version="1.0" encoding="UTF-8"?>
<testng-results ignored="0" total="1" passed="1" failed="0" skipped="0">
  <reporter-output>
  </reporter-output>
  <suite started-at="2022-09-19T22:39:51 IST" name="Default suite" finished-at="2022-09-19T22:40:17 IST" duration-ms="26595">
    <groups>
    </groups>
    <test started-at="2022-09-19T22:39:51 IST" name="Default test" finished-at="2022-09-19T22:40:17 IST" duration-ms="26595">
      <class name="Scripts.TestCase3">
        <test-method is-config="true" signature="Openapp()[pri:0, instance:Scripts.TestCase3@446293d]" started-at="2022-09-19T22:39:51 IST" name="Openapp" finished-at="2022-09-19T22:39:57 IST" duration-ms="5952" status="PASS">
          <reporter-output>
          </reporter-output>
        </test-method> <!-- Openapp -->
        <test-method signature="tc3()[pri:0, instance:Scripts.TestCase3@446293d]" started-at="2022-09-19T22:39:57 IST" name="tc3" finished-at="2022-09-19T22:40:17 IST" duration-ms="20174" status="PASS">
          <reporter-output>
          </reporter-output>
        </test-method> <!-- tc3 -->
        <test-method is-config="true" signature="CloseApp(org.testng.ITestResult)[pri:0, instance:Scripts.TestCase3@446293d]" started-at="2022-09-19T22:40:17 IST" name="CloseApp" finished-at="2022-09-19T22:40:17 IST" duration-ms="427" status="PASS">
          <params>
            <param index="0">
              <value>
                <![CDATA[[TestResult name=tc3 status=SUCCESS method=TestCase3.tc3()[pri:0, instance:Scripts.TestCase3@446293d] output={null}]]]>
              </value>
            </param>
          </params>
          <reporter-output>
          </reporter-output>
        </test-method> <!-- CloseApp -->
      </class> <!-- Scripts.TestCase3 -->
    </test> <!-- Default test -->
  </suite> <!-- Default suite -->
</testng-results>
